#
# There is insufficient memory for the Java Runtime Environment to continue.
# Native memory allocation (mmap) failed to map 132120576 bytes for Failed to commit area from 0x0000000083200000 to 0x000000008b000000 of length 132120576.
# Possible reasons:
#   The system is out of physical RAM or swap space
#   The process is running with CompressedOops enabled, and the Java Heap may be blocking the growth of the native heap
# Possible solutions:
#   Reduce memory load on the system
#   Increase physical memory or swap space
#   Check if swap backing store is full
#   Decrease Java heap size (-Xmx/-Xms)
#   Decrease number of Java threads
#   Decrease Java thread stack sizes (-Xss)
#   Set larger code cache with -XX:ReservedCodeCacheSize=
# This output file may be truncated or incomplete.
#
#  Out of Memory Error (t:/workspace/open/src/hotspot/os/windows/os_windows.cpp:3301), pid=10424, tid=26060
#
# JRE version:  (13.0.2+8) (build )
# Java VM: Java HotSpot(TM) 64-Bit Server VM (13.0.2+8, mixed mode, aot, sharing, tiered, compressed oops, g1 gc, windows-amd64)
# No core dump will be written. Minidumps are not enabled by default on client versions of Windows
#

---------------  S U M M A R Y ------------

Command Line: -Dfile.encoding=MS949 MessengerUI

Host: Intel(R) Core(TM) i5-8265U CPU @ 1.60GHz, 8 cores, 7G,  Windows 10 , 64 bit Build 19041 (10.0.19041.546)
Time: Sat Nov 21 00:59:02 2020 ¥Î«—πŒ±π «•¡ÿΩ√ elapsed time: 0 seconds (0d 0h 0m 0s)

---------------  T H R E A D  ---------------

Current thread (0x000002002a977000):  JavaThread "Unknown thread" [_thread_in_vm, id=26060, stack(0x000000f72b100000,0x000000f72b200000)]

Stack: [0x000000f72b100000,0x000000f72b200000]
Native frames: (J=compiled Java code, j=interpreted, Vv=VM code, C=native code)
V  [jvm.dll+0x624f9a]
V  [jvm.dll+0x770cfa]
V  [jvm.dll+0x7724af]
V  [jvm.dll+0x772ab3]
V  [jvm.dll+0x24bf08]
V  [jvm.dll+0x6222aa]
V  [jvm.dll+0x6170b5]
V  [jvm.dll+0x30a88c]
V  [jvm.dll+0x30a6c2]
V  [jvm.dll+0x30fe36]
V  [jvm.dll+0x353f46]
V  [jvm.dll+0x353720]
V  [jvm.dll+0x2e550a]
V  [jvm.dll+0x2e67a2]
V  [jvm.dll+0x74dd78]
V  [jvm.dll+0x361989]
V  [jvm.dll+0x730e65]
V  [jvm.dll+0x3cc53f]
V  [jvm.dll+0x3ce861]
C  [jli.dll+0x51ff]
C  [ucrtbase.dll+0x214c2]
C  [KERNEL32.DLL+0x17034]
C  [ntdll.dll+0x4cec1]


---------------  P R O C E S S  ---------------

Threads class SMR info:
_java_thread_list=0x00007ffbb2f6ccb8, length=0, elements={
}

Java Threads: ( => current thread )

Other Threads:
  0x000002002a9bc800 GCTaskThread "GC Thread#0" [stack: 0x000000f72b200000,0x000000f72b300000] [id=19160]
  0x000002002a9ce000 ConcurrentGCThread "G1 Main Marker" [stack: 0x000000f72b300000,0x000000f72b400000] [id=21996]
  0x000002002a9d2000 ConcurrentGCThread "G1 Conc#0" [stack: 0x000000f72b400000,0x000000f72b500000] [id=8396]

[error occurred during error reporting (printing all threads), id 0xc0000005, EXCEPTION_ACCESS_VIOLATION (0xc0000005) at pc=0x00007ffbb27a51d7]

VM state:not at safepoint (not fully initialized)

VM Mutex/Monitor currently owned by a thread:  ([mutex/lock_event])
[0x000002002a973610] Heap_lock - owner thread: 0x000002002a977000

Heap address: 0x0000000083200000, size: 1998 MB, Compressed Oops mode: Non-zero based: 0x0000000083200000
Narrow klass base: 0x0000000000000000, Narrow klass shift: 0

GC Heap History (0 events):
No events

Deoptimization events (0 events):
No events

Classes unloaded (0 events):
No events

Classes redefined (0 events):
No events

Internal exceptions (0 events):
No events

Events (8 events):
Event: 0.037 Loaded shared library C:\Program Files\Java\jdk-13.0.2\bin\zip.dll
Event: 0.039 Loaded shared library C:\Program Files\Java\jdk-13.0.2\bin\jimage.dll
Event: 0.046 Loading shared library C:\Program Files\Java\jdk-13.0.2\lib\libjava.base-coop.dll failed, error code 126
Event: 0.046 Loading shared library C:\Program Files\Java\jdk-13.0.2\lib\libjava.logging-coop.dll failed, error code 126
Event: 0.047 Loading shared library C:\Program Files\Java\jdk-13.0.2\lib\libjdk.compiler-coop.dll failed, error code 126
Event: 0.047 Loading shared library C:\Program Files\Java\jdk-13.0.2\lib\libjdk.scripting.nashorn-coop.dll failed, error code 126
Event: 0.047 Loading shared library C:\Program Files\Java\jdk-13.0.2\lib\libjdk.internal.vm.ci-coop.dll failed, error code 126
Event: 0.048 Loading shared library C:\Program Files\Java\jdk-13.0.2\lib\libjdk.internal.vm.compiler-coop.dll failed, error code 126


Dynamic libraries:
0x00007ff6b74c0000 - 0x00007ff6b74cf000 	C:\Program Files\Java\jdk-13.0.2\bin\javaw.exe
0x00007ffbf3050000 - 0x00007ffbf3246000 	C:\WINDOWS\SYSTEM32\ntdll.dll
0x00007ffbf1df0000 - 0x00007ffbf1ead000 	C:\WINDOWS\System32\KERNEL32.DLL
0x00007ffbf0be0000 - 0x00007ffbf0ea8000 	C:\WINDOWS\System32\KERNELBASE.dll
0x00007ffbf0790000 - 0x00007ffbf0890000 	C:\WINDOWS\System32\ucrtbase.dll
0x00007ffbd9d30000 - 0x00007ffbd9d48000 	C:\Program Files\Java\jdk-13.0.2\bin\jli.dll
0x00007ffbf2f60000 - 0x00007ffbf300c000 	C:\WINDOWS\System32\ADVAPI32.dll
0x00007ffbf1d50000 - 0x00007ffbf1dee000 	C:\WINDOWS\System32\msvcrt.dll
0x00007ffbf2c80000 - 0x00007ffbf2d1b000 	C:\WINDOWS\System32\sechost.dll
0x00007ffbf2b50000 - 0x00007ffbf2c74000 	C:\WINDOWS\System32\RPCRT4.dll
0x00007ffbd9900000 - 0x00007ffbd9915000 	C:\Program Files\Java\jdk-13.0.2\bin\VCRUNTIME140.dll
0x00007ffbf2950000 - 0x00007ffbf2af0000 	C:\WINDOWS\System32\USER32.dll
0x00007ffbf0890000 - 0x00007ffbf08b2000 	C:\WINDOWS\System32\win32u.dll
0x00007ffbf2600000 - 0x00007ffbf262a000 	C:\WINDOWS\System32\GDI32.dll
0x00007ffbf08f0000 - 0x00007ffbf09f9000 	C:\WINDOWS\System32\gdi32full.dll
0x00007ffbf1010000 - 0x00007ffbf10ad000 	C:\WINDOWS\System32\msvcp_win.dll
0x00007ffbd9500000 - 0x00007ffbd979b000 	C:\WINDOWS\WinSxS\amd64_microsoft.windows.common-controls_6595b64144ccf1df_6.0.19041.488_none_ca04af081b815d21\COMCTL32.dll
0x00007ffbe7a40000 - 0x00007ffbe7a4a000 	C:\WINDOWS\SYSTEM32\VERSION.dll
0x00007ffbf19c0000 - 0x00007ffbf19f0000 	C:\WINDOWS\System32\IMM32.DLL
0x00007ffbcf410000 - 0x00007ffbcf4ab000 	C:\Program Files\Java\jdk-13.0.2\bin\msvcp140.dll
0x00007ffbb24b0000 - 0x00007ffbb300d000 	C:\Program Files\Java\jdk-13.0.2\bin\server\jvm.dll
0x00007ffbf2e70000 - 0x00007ffbf2e78000 	C:\WINDOWS\System32\PSAPI.DLL
0x00007ffbe8920000 - 0x00007ffbe8929000 	C:\WINDOWS\SYSTEM32\WSOCK32.dll
0x00007ffbf28e0000 - 0x00007ffbf294b000 	C:\WINDOWS\System32\WS2_32.dll
0x00007ffbe5680000 - 0x00007ffbe56a7000 	C:\WINDOWS\SYSTEM32\WINMM.dll
0x00007ffbef0c0000 - 0x00007ffbef0d2000 	C:\WINDOWS\SYSTEM32\kernel.appcore.dll
0x00007ffbe85b0000 - 0x00007ffbe85c0000 	C:\Program Files\Java\jdk-13.0.2\bin\verify.dll
0x00007ffbeebe0000 - 0x00007ffbeedc4000 	C:\WINDOWS\SYSTEM32\DBGHELP.DLL
0x00007ffbeebb0000 - 0x00007ffbeebdc000 	C:\WINDOWS\SYSTEM32\dbgcore.DLL
0x00007ffbf0b60000 - 0x00007ffbf0bdf000 	C:\WINDOWS\System32\bcryptPrimitives.dll
0x00007ffbce8c0000 - 0x00007ffbce8e6000 	C:\Program Files\Java\jdk-13.0.2\bin\java.dll
0x00007ffbd3480000 - 0x00007ffbd3497000 	C:\Program Files\Java\jdk-13.0.2\bin\zip.dll
0x00007ffbe6130000 - 0x00007ffbe613a000 	C:\Program Files\Java\jdk-13.0.2\bin\jimage.dll

dbghelp: loaded successfully - version: 4.0.5 - missing functions: none
symbol engine: initialized successfully - sym options: 0x614 - pdb path: .;C:\Program Files\Java\jdk-13.0.2\bin;C:\WINDOWS\SYSTEM32;C:\WINDOWS\WinSxS\amd64_microsoft.windows.common-controls_6595b64144ccf1df_6.0.19041.488_none_ca04af081b815d21;C:\Program Files\Java\jdk-13.0.2\bin\server

VM Arguments:
jvm_args: -Dfile.encoding=MS949 
java_command: MessengerUI
java_class_path (initial): C:\Users\±Ë¿Á»Ò\eclipse-workspace\NW Team project
Launcher Type: SUN_STANDARD

[Global flags]
     intx CICompilerCount                          = 4                                         {product} {ergonomic}
     uint ConcGCThreads                            = 2                                         {product} {ergonomic}
     uint G1ConcRefinementThreads                  = 8                                         {product} {ergonomic}
   size_t G1HeapRegionSize                         = 1048576                                   {product} {ergonomic}
    uintx GCDrainStackTargetSize                   = 64                                        {product} {ergonomic}
   size_t InitialHeapSize                          = 132120576                                 {product} {ergonomic}
   size_t MarkStackSize                            = 4194304                                   {product} {ergonomic}
   size_t MaxHeapSize                              = 2095054848                                {product} {ergonomic}
   size_t MinHeapDeltaBytes                        = 1048576                                   {product} {ergonomic}
   size_t MinHeapSize                              = 8388608                                   {product} {ergonomic}
    uintx NonNMethodCodeHeapSize                   = 5839372                                {pd product} {ergonomic}
    uintx NonProfiledCodeHeapSize                  = 122909434                              {pd product} {ergonomic}
    uintx ProfiledCodeHeapSize                     = 122909434                              {pd product} {ergonomic}
    uintx ReservedCodeCacheSize                    = 251658240                              {pd product} {ergonomic}
     bool SegmentedCodeCache                       = true                                      {product} {ergonomic}
   size_t SoftMaxHeapSize                          = 2095054848                             {manageable} {ergonomic}
     bool UseCompressedClassPointers               = true                                 {lp64_product} {ergonomic}
     bool UseCompressedOops                        = true                                 {lp64_product} {ergonomic}
     bool UseG1GC                                  = true                                      {product} {ergonomic}
     bool UseLargePagesIndividualAllocation        = false                                  {pd product} {ergonomic}

Logging:
Log output configuration:
 #0: stdout all=warning uptime,level,tags
 #1: stderr all=off uptime,level,tags

Environment Variables:
JAVA_HOME=C:\Program Files\Java\jdk-13.0.2
CLASSPATH=C:\Program Files\Java\jdk-13.0.2\lib
PATH=C:/Program Files/Java/jdk-13.0.2/bin/server;C:/Program Files/Java/jdk-13.0.2/bin;C:\Program Files (x86)\Intel\Intel(R) Management Engine Components\iCLS\;C:\Program Files\Intel\Intel(R) Management Engine Components\iCLS\;C:\WINDOWS\system32;C:\WINDOWS;C:\WINDOWS\System32\Wbem;C:\WINDOWS\System32\WindowsPowerShell\v1.0\;C:\WINDOWS\System32\OpenSSH\;C:\Program Files (x86)\Intel\Intel(R) Management Engine Components\DAL;C:\Program Files\Intel\Intel(R) Management Engine Components\DAL;C:\Program Files (x86)\Brackets\command;C:\Program Files\dotnet\;C:\Program Files (x86)\GtkSharp\2.12\bin;C:\Program Files\Java\jdk-13.0.2\bin;C:\Users\±Ë¿Á»Ò\AppData\Local\Programs\Python\Python37\Scripts\;C:\Users\±Ë¿Á»Ò\AppData\Local\Programs\Python\Python37\;C:\Users\±Ë¿Á»Ò\AppData\Local\Programs\Python\Python37-32\Scripts\;C:\Users\±Ë¿Á»Ò\AppData\Local\Programs\Python\Python37-32\;C:\Program Files\MySQL\MySQL Shell 8.0\bin\;C:\Users\±Ë¿Á»Ò\AppData\Local\Microsoft\WindowsApps;;C:\Users\±Ë¿Á»Ò\Downloads\eclipse-java-2020-03-R-win32-x86_64 (1)\eclipse;
USERNAME=±Ë¿Á»Ò
OS=Windows_NT
PROCESSOR_IDENTIFIER=Intel64 Family 6 Model 142 Stepping 11, GenuineIntel



---------------  S Y S T E M  ---------------

OS: Windows 10 , 64 bit Build 19041 (10.0.19041.546)

CPU:total 8 (initial active 8) (4 cores per cpu, 2 threads per core) family 6 model 142 stepping 11, cmov, cx8, fxsr, mmx, sse, sse2, sse3, ssse3, sse4.1, sse4.2, popcnt, avx, avx2, aes, clmul, erms, 3dnowpref, lzcnt, ht, tsc, tscinvbit, bmi1, bmi2, adx, fma

Memory: 4k page, system-wide physical 7986M (1498M free)
TotalPageFile size 32562M (AvailPageFile size 62M)
current process WorkingSet (physical memory assigned to process): 11M, peak: 11M
current process commit charge ("private bytes"): 60M, peak: 186M

vm_info: Java HotSpot(TM) 64-Bit Server VM (13.0.2+8) for windows-amd64 JRE (13.0.2+8), built on Dec 11 2019 09:20:33 by "mach5one" with unknown MS VC++:1916

END.
